2023-09-13 18:00:07,257 - INFO - The device 210716 exists in the database
2023-09-13 18:00:07,442 - INFO - Insertion successful : 5 rows inserted
2023-09-13 18:00:07,442 - INFO - 210716_GPRS_20230913_122026.csv deleted
2023-09-13 18:00:07,442 - INFO - Processing file 210729_GPRS_20230913_122521.csv
2023-09-13 18:00:07,474 - INFO - The device 210729 is absent from the database, the file 210729_GPRS_20230913_122521.csv will not be transfered
2023-09-13 18:00:07,483 - INFO - File 210729_GPRS_20230913_122521.csv moved to 'unprocessed' directory
2023-09-13 18:00:07,483 - INFO - Processing file 210728_GPRS_20230913_132029.csv
2023-09-13 18:00:07,508 - INFO - The device 210728 is absent from the database, the file 210728_GPRS_20230913_132029.csv will not be transfered
2023-09-13 18:00:07,509 - INFO - File 210728_GPRS_20230913_132029.csv moved to 'unprocessed' directory
2023-09-13 18:00:07,509 - INFO - Processing file 210711_GPRS_20230913_152029.csv
2023-09-13 18:00:07,518 - INFO - The device 210711 exists in the database
2023-09-13 18:00:08,358 - INFO - Insertion successful : 34 rows inserted
2023-09-13 18:00:08,358 - INFO - 210711_GPRS_20230913_152029.csv deleted
2023-09-13 18:00:08,358 - INFO - Processing file 222336_GPRS_20230913_154554.csv
2023-09-13 18:00:08,367 - INFO - The device 222336 is absent from the database, the file 222336_GPRS_20230913_154554.csv will not be transfered
2023-09-13 18:00:08,367 - INFO - File 222336_GPRS_20230913_154554.csv moved to 'unprocessed' directory
2023-09-13 18:00:08,367 - INFO - Processing file 222413_GPRS_20230913_155528.csv
2023-09-13 18:00:08,370 - INFO - The device 222413 exists in the database
2023-09-13 18:00:08,582 - INFO - Insertion successful : 16 rows inserted
2023-09-13 18:00:08,582 - INFO - 222413_GPRS_20230913_155528.csv deleted
2023-09-13 18:00:58,283 - INFO - Materialized view refreshed!
2023-09-13 18:00:58,284 - INFO - Completed import data
2023-09-14 00:00:04,340 - INFO - Start import data
2023-09-14 00:00:04,363 - INFO - Connected to the database!
2023-09-14 00:00:04,363 - INFO - Processing file 230429_SMS_20230912_202531.csv
2023-09-14 00:00:04,363 - INFO - Skipping file 230429_SMS_20230912_202531.csv (contains 'SMS' in the name)
2023-09-14 00:00:04,363 - INFO - Skipping file:unprocessed(not a CSV file)
2023-09-14 00:00:04,363 - INFO - Processing file 230428_GPRS_20230913_162550.csv
2023-09-14 00:00:04,392 - INFO - The device 230428 is absent from the database, the file 230428_GPRS_20230913_162550.csv will not be transfered
2023-09-14 00:00:04,401 - INFO - File 230428_GPRS_20230913_162550.csv moved to 'unprocessed' directory
2023-09-14 00:00:04,401 - INFO - Processing file 230427_GPRS_20230913_171547.csv
2023-09-14 00:00:04,405 - INFO - The device 230427 is absent from the database, the file 230427_GPRS_20230913_171547.csv will not be transfered
2023-09-14 00:00:04,405 - INFO - File 230427_GPRS_20230913_171547.csv moved to 'unprocessed' directory
2023-09-14 00:00:04,406 - INFO - Processing file 230431_GPRS_20230913_172045.csv
2023-09-14 00:00:04,418 - INFO - The device 230431 is absent from the database, the file 230431_GPRS_20230913_172045.csv will not be transfered
2023-09-14 00:00:04,424 - INFO - File 230431_GPRS_20230913_172045.csv moved to 'unprocessed' directory
2023-09-14 00:00:04,424 - INFO - Processing file 190809_GPRS_20230913_180514.csv
2023-09-14 00:00:04,454 - INFO - The device 190809 is absent from the database, the file 190809_GPRS_20230913_180514.csv will not be transfered
2023-09-14 00:00:04,454 - INFO - File 190809_GPRS_20230913_180514.csv moved to 'unprocessed' directory
2023-09-14 00:00:04,454 - INFO - Processing file 222333_GPRS_20230913_183032.csv
2023-09-14 00:00:04,466 - INFO - The device 222333 exists in the database
2023-09-14 00:00:04,598 - INFO - Insertion successful : 142 rows inserted
2023-09-14 00:00:04,598 - INFO - 222333_GPRS_20230913_183032.csv deleted
2023-09-14 00:00:04,598 - INFO - Processing file 222334_GPRS_20230913_183032.csv
2023-09-14 00:00:04,606 - INFO - The device 222334 exists in the database
2023-09-14 00:00:04,720 - INFO - Insertion successful : 144 rows inserted
2023-09-14 00:00:04,721 - INFO - 222334_GPRS_20230913_183032.csv deleted
2023-09-14 00:00:04,721 - INFO - Processing file 201257_GPRS_20230913_194521.csv
2023-09-14 00:00:04,730 - INFO - The device 201257 exists in the database
2023-09-14 00:00:05,254 - INFO - Insertion successful : 16 rows inserted
2023-09-14 00:00:05,254 - INFO - 201257_GPRS_20230913_194521.csv deleted
2023-09-14 00:00:56,656 - INFO - Materialized view refreshed!
2023-09-14 00:00:56,656 - INFO - Completed import data
2023-09-14 06:00:04,095 - INFO - Start import data
2023-09-14 06:00:04,118 - INFO - Connected to the database!
2023-09-14 06:00:04,118 - INFO - Processing file 230429_SMS_20230912_202531.csv
2023-09-14 06:00:04,118 - INFO - Skipping file 230429_SMS_20230912_202531.csv (contains 'SMS' in the name)
2023-09-14 06:00:04,118 - INFO - Skipping file:unprocessed(not a CSV file)
2023-09-14 06:00:04,118 - INFO - Processing file 210728_GPRS_20230914_012028.csv
2023-09-14 06:00:04,150 - INFO - The device 210728 is absent from the database, the file 210728_GPRS_20230914_012028.csv will not be transfered
2023-09-14 06:00:04,167 - INFO - File 210728_GPRS_20230914_012028.csv moved to 'unprocessed' directory
2023-09-14 06:00:04,167 - INFO - Processing file 190804_GPRS_20230914_020512.csv
2023-09-14 06:00:04,174 - INFO - The device 190804 exists in the database
2023-09-14 06:00:05,158 - INFO - Insertion successful : 15 rows inserted
2023-09-14 06:00:05,158 - INFO - 190804_GPRS_20230914_020512.csv deleted
2023-09-14 06:00:05,159 - INFO - Processing file 231040_GPRS_20230914_022046.csv
2023-09-14 06:00:05,170 - INFO - The device 231040 exists in the database
2023-09-14 06:00:06,106 - INFO - Insertion successful : 46 rows inserted
2023-09-14 06:00:06,106 - INFO - 231040_GPRS_20230914_022046.csv deleted
2023-09-14 06:00:06,106 - INFO - Processing file 17150_GPRS_20230914_030507.csv
2023-09-14 06:00:06,113 - INFO - The device 17150 exists in the database
2023-09-14 06:00:06,427 - INFO - Insertion successful : 14 rows inserted
2023-09-14 06:00:06,427 - INFO - 17150_GPRS_20230914_030507.csv deleted
2023-09-14 06:00:06,427 - INFO - Processing file 210711_GPRS_20230914_032053.csv
2023-09-14 06:00:06,434 - INFO - The device 210711 exists in the database
2023-09-14 06:00:06,766 - INFO - Insertion successful : 12 rows inserted
2023-09-14 06:00:06,766 - INFO - 210711_GPRS_20230914_032053.csv deleted
2023-09-14 06:00:06,766 - INFO - Processing file 222403_GPRS_20230914_032053.csv
2023-09-14 06:00:06,772 - INFO - The device 222403 exists in the database
2023-09-14 06:00:06,851 - INFO - Insertion successful : 5 rows inserted
2023-09-14 06:00:06,851 - INFO - 222403_GPRS_20230914_032053.csv deleted
2023-09-14 06:00:06,851 - INFO - Processing file 222408_GPRS_20230914_032530.csv
2023-09-14 06:00:06,858 - INFO - The device 222408 exists in the database
2023-09-14 06:00:07,170 - INFO - Insertion successful : 15 rows inserted
2023-09-14 06:00:07,170 - INFO - 222408_GPRS_20230914_032530.csv deleted
2023-09-14 06:00:07,170 - INFO - Processing file 231041_GPRS_20230914_034054.csv
2023-09-14 06:00:07,178 - INFO - The device 231041 exists in the database
2023-09-14 06:00:07,678 - INFO - Insertion successful : 46 rows inserted
2023-09-14 06:00:07,678 - INFO - 231041_GPRS_20230914_034054.csv deleted
2023-09-14 06:00:07,678 - INFO - Processing file 222410_GPRS_20230914_034528.csv
2023-09-14 06:00:07,686 - INFO - The device 222410 exists in the database
2023-09-14 06:00:07,874 - INFO - Insertion successful : 16 rows inserted
2023-09-14 06:00:07,874 - INFO - 222410_GPRS_20230914_034528.csv deleted
2023-09-14 06:00:07,874 - INFO - Processing file 222417_GPRS_20230914_035037.csv
2023-09-14 06:00:07,878 - INFO - The device 222417 exists in the database
2023-09-14 06:00:08,010 - INFO - Insertion successful : 15 rows inserted
2023-09-14 06:00:08,010 - INFO - 222417_GPRS_20230914_035037.csv deleted
2023-09-14 06:00:08,010 - INFO - Processing file 231044_GPRS_20230914_035037.csv
2023-09-14 06:00:08,018 - INFO - The device 231044 exists in the database
2023-09-14 06:00:08,482 - INFO - Insertion successful : 46 rows inserted
2023-09-14 06:00:08,482 - INFO - 231044_GPRS_20230914_035037.csv deleted
2023-09-14 06:00:08,482 - INFO - Processing file 222415_GPRS_20230914_035535.csv
2023-09-14 06:00:08,490 - INFO - The device 222415 exists in the database
2023-09-14 06:00:08,630 - INFO - Insertion successful : 15 rows inserted
2023-09-14 06:00:08,630 - INFO - 222415_GPRS_20230914_035535.csv deleted
2023-09-14 06:00:08,630 - INFO - Processing file 231037_GPRS_20230914_035535.csv
2023-09-14 06:00:08,634 - INFO - The device 231037 exists in the database
2023-09-14 06:00:08,770 - INFO - Insertion successful : 15 rows inserted
2023-09-14 06:00:08,770 - INFO - 231037_GPRS_20230914_035535.csv deleted
2023-09-14 06:00:59,971 - INFO - Materialized view refreshed!
2023-09-14 06:00:59,972 - INFO - Completed import data
2023-09-14 10:04:41,199 - INFO - Start import data
2023-09-14 10:04:41,216 - INFO - Connected to the database!
2023-09-14 10:04:41,217 - INFO - Processing file 230429_SMS_20230912_202531.csv
2023-09-14 10:04:41,217 - INFO - Skipping file 230429_SMS_20230912_202531.csv (contains 'SMS' in the name)
2023-09-14 10:04:41,217 - INFO - Skipping file:unprocessed(not a CSV file)
2023-09-14 10:04:41,217 - INFO - Processing file 200532_GPRS_20230914_041514.csv
2023-09-14 10:04:41,228 - INFO - The device 200532 exists in the database
2023-09-14 10:04:41,874 - INFO - Insertion successful : 17 rows inserted
2023-09-14 10:04:41,874 - INFO - 200532_GPRS_20230914_041514.csv deleted
2023-09-14 10:04:41,875 - INFO - Processing file 231043_GPRS_20230914_041515.csv
2023-09-14 10:04:41,883 - INFO - The device 231043 exists in the database
2023-09-14 10:04:42,263 - INFO - Insertion successful : 46 rows inserted
2023-09-14 10:04:42,264 - INFO - 231043_GPRS_20230914_041515.csv deleted
2023-09-14 10:04:42,264 - INFO - Processing file 222407_GPRS_20230914_043533.csv
2023-09-14 10:04:42,268 - INFO - The device 222407 exists in the database
2023-09-14 10:04:42,950 - INFO - Insertion successful : 46 rows inserted
2023-09-14 10:04:42,950 - INFO - 222407_GPRS_20230914_043533.csv deleted
2023-09-14 10:04:42,950 - INFO - Processing file 231035_GPRS_20230914_044536.csv
2023-09-14 10:04:42,958 - INFO - The device 231035 exists in the database
2023-09-14 10:04:43,410 - INFO - Insertion successful : 46 rows inserted
2023-09-14 10:04:43,410 - INFO - 231035_GPRS_20230914_044536.csv deleted
2023-09-14 10:04:43,410 - INFO - Processing file 210516_GPRS_20230914_050046.csv
2023-09-14 10:04:43,418 - INFO - The device 210516 exists in the database
2023-09-14 10:04:43,491 - INFO - Insertion successful : 5 rows inserted
2023-09-14 10:04:43,492 - INFO - 210516_GPRS_20230914_050046.csv deleted
2023-09-14 10:04:43,492 - INFO - Processing file 231038_GPRS_20230914_050046.csv
2023-09-14 10:04:43,496 - INFO - The device 231038 exists in the database
2023-09-14 10:04:43,886 - INFO - Insertion successful : 46 rows inserted
2023-09-14 10:04:43,886 - INFO - 231038_GPRS_20230914_050046.csv deleted
2023-09-14 10:04:43,886 - INFO - Processing file 231046_GPRS_20230914_050046.csv
2023-09-14 10:04:43,892 - INFO - The device 231046 exists in the database
2023-09-14 10:04:44,262 - INFO - Insertion successful : 46 rows inserted
2023-09-14 10:04:44,262 - INFO - 231046_GPRS_20230914_050046.csv deleted
2023-09-14 10:04:44,262 - INFO - Processing file 231033_GPRS_20230914_050541.csv
2023-09-14 10:04:44,268 - INFO - The device 231033 exists in the database
2023-09-14 10:04:44,715 - INFO - Insertion successful : 46 rows inserted
2023-09-14 10:04:44,715 - INFO - 231033_GPRS_20230914_050541.csv deleted
2023-09-14 10:04:44,715 - INFO - Processing file 230431_GPRS_20230914_052048.csv
2023-09-14 10:04:44,722 - INFO - The device 230431 is absent from the database, the file 230431_GPRS_20230914_052048.csv will not be transfered
2023-09-14 10:04:44,730 - INFO - File 230431_GPRS_20230914_052048.csv moved to 'unprocessed' directory
2023-09-14 10:04:44,730 - INFO - Processing file 222418_GPRS_20230914_052526.csv
2023-09-14 10:04:44,738 - INFO - The device 222418 exists in the database
2023-09-14 10:04:44,810 - INFO - Insertion successful : 4 rows inserted
2023-09-14 10:04:44,810 - INFO - 222418_GPRS_20230914_052526.csv deleted
2023-09-14 10:04:44,811 - INFO - Processing file 222411_GPRS_20230914_055528.csv
2023-09-14 10:04:44,819 - INFO - The device 222411 exists in the database
2023-09-14 10:04:44,946 - INFO - Insertion successful : 15 rows inserted
2023-09-14 10:04:44,946 - INFO - 222411_GPRS_20230914_055528.csv deleted
2023-09-14 10:04:44,946 - INFO - Processing file 190809_GPRS_20230914_060512.csv
2023-09-14 10:04:44,952 - INFO - The device 190809 is absent from the database, the file 190809_GPRS_20230914_060512.csv will not be transfered
2023-09-14 10:04:44,952 - INFO - File 190809_GPRS_20230914_060512.csv moved to 'unprocessed' directory
2023-09-14 10:04:44,953 - INFO - Processing file 210712_GPRS_20230914_060513.csv
2023-09-14 10:04:44,962 - INFO - The device 210712 exists in the database
2023-09-14 10:04:45,294 - INFO - Insertion successful : 15 rows inserted
2023-09-14 10:04:45,294 - INFO - 210712_GPRS_20230914_060513.csv deleted
2023-09-14 10:04:45,294 - INFO - Processing file 210710_GPRS_20230914_061039.csv
2023-09-14 10:04:45,299 - INFO - The device 210710 exists in the database
2023-09-14 10:04:45,702 - INFO - Insertion successful : 16 rows inserted
2023-09-14 10:04:45,702 - INFO - 210710_GPRS_20230914_061039.csv deleted
2023-09-14 10:04:45,702 - INFO - Processing file 222333_GPRS_20230914_063028.csv
2023-09-14 10:04:45,710 - INFO - The device 222333 exists in the database
2023-09-14 10:04:45,739 - INFO - Insertion successful : 46 rows inserted
2023-09-14 10:04:45,739 - INFO - 222333_GPRS_20230914_063028.csv deleted
2023-09-14 10:04:45,739 - INFO - Processing file 222334_GPRS_20230914_063029.csv
2023-09-14 10:04:45,746 - INFO - The device 222334 exists in the database
2023-09-14 10:04:45,781 - INFO - Insertion successful : 44 rows inserted
2023-09-14 10:04:45,781 - INFO - 222334_GPRS_20230914_063029.csv deleted
2023-09-14 10:04:45,781 - INFO - Processing file 201864_GPRS_20230914_070019.csv
2023-09-14 10:04:45,786 - INFO - The device 201864 is absent from the database, the file 201864_GPRS_20230914_070019.csv will not be transfered
2023-09-14 10:04:45,786 - INFO - File 201864_GPRS_20230914_070019.csv moved to 'unprocessed' directory
2023-09-14 10:04:45,787 - INFO - Processing file 222427_GPRS_20230914_071028.csv
2023-09-14 10:04:45,794 - INFO - The device 222427 exists in the database
2023-09-14 10:04:45,882 - INFO - Insertion successful : 14 rows inserted
2023-09-14 10:04:45,882 - INFO - 222427_GPRS_20230914_071028.csv deleted
2023-09-14 10:04:45,882 - INFO - Processing file 210722_GPRS_20230914_080027.csv
2023-09-14 10:04:45,890 - INFO - The device 210722 exists in the database
2023-09-14 10:04:46,372 - INFO - Insertion successful : 15 rows inserted
2023-09-14 10:04:46,372 - INFO - 210722_GPRS_20230914_080027.csv deleted
2023-09-14 10:05:42,150 - INFO - Materialized view refreshed!
2023-09-14 10:05:42,172 - INFO - Completed import data
2023-09-14 12:00:05,934 - INFO - Start import data
2023-09-14 12:00:05,979 - INFO - Connected to the database!
2023-09-14 12:00:06,010 - INFO - Processing file 230429_SMS_20230912_202531.csv
2023-09-14 12:00:06,011 - INFO - Skipping file 230429_SMS_20230912_202531.csv (contains 'SMS' in the name)
2023-09-14 12:00:06,011 - INFO - Skipping file:unprocessed(not a CSV file)
2023-09-14 12:00:06,011 - INFO - Processing file 230429_GPRS_20230914_082535.csv
2023-09-14 12:00:06,069 - INFO - The device 230429 exists in the database
2023-09-14 12:00:06,450 - INFO - Insertion successful : 525 rows inserted
2023-09-14 12:00:06,450 - INFO - 230429_GPRS_20230914_082535.csv deleted
2023-09-14 12:00:06,450 - INFO - Processing file 210507_GPRS_20230914_085026.csv
2023-09-14 12:00:06,454 - INFO - The device 210507 is absent from the database, the file 210507_GPRS_20230914_085026.csv will not be transfered
2023-09-14 12:00:06,459 - INFO - File 210507_GPRS_20230914_085026.csv moved to 'unprocessed' directory
2023-09-14 12:00:06,459 - INFO - Processing file 222335_GPRS_20230914_091528.csv
2023-09-14 12:00:06,470 - INFO - The device 222335 is absent from the database, the file 222335_GPRS_20230914_091528.csv will not be transfered
2023-09-14 12:00:06,480 - INFO - File 222335_GPRS_20230914_091528.csv moved to 'unprocessed' directory
2023-09-14 12:00:06,480 - INFO - Processing file 200540_GPRS_20230914_092519.csv
2023-09-14 12:00:06,486 - INFO - The device 200540 exists in the database
2023-09-14 12:00:13,630 - INFO - Insertion successful : 138 rows inserted
2023-09-14 12:00:13,630 - INFO - 200540_GPRS_20230914_092519.csv deleted
2023-09-14 12:00:13,630 - INFO - Processing file 222422_GPRS_20230914_093028.csv
2023-09-14 12:00:13,634 - INFO - The device 222422 exists in the database
2023-09-14 12:00:13,806 - INFO - Insertion successful : 16 rows inserted
2023-09-14 12:00:13,806 - INFO - 222422_GPRS_20230914_093028.csv deleted
2023-09-14 12:00:13,806 - INFO - Processing file 200530_GPRS_20230914_093522.csv
2023-09-14 12:00:13,810 - INFO - The device 200530 exists in the database
2023-09-14 12:00:13,911 - INFO - Insertion successful : 10 rows inserted
2023-09-14 12:00:13,911 - INFO - 200530_GPRS_20230914_093522.csv deleted
2023-09-14 12:01:11,318 - INFO - Materialized view refreshed!
2023-09-14 12:01:11,319 - INFO - Completed import data
2023-09-14 18:00:04,138 - INFO - Start import data
2023-09-14 18:00:04,162 - INFO - Connected to the database!
2023-09-14 18:00:04,178 - INFO - Processing file 230429_SMS_20230912_202531.csv
2023-09-14 18:00:04,178 - INFO - Skipping file 230429_SMS_20230912_202531.csv (contains 'SMS' in the name)
2023-09-14 18:00:04,178 - INFO - Skipping file:unprocessed(not a CSV file)
2023-09-14 18:00:04,178 - INFO - Processing file 210707_GPRS_20230914_100037.csv
2023-09-14 18:00:04,310 - INFO - The device 210707 exists in the database
2023-09-14 18:00:06,022 - INFO - Insertion successful : 16 rows inserted
2023-09-14 18:00:06,022 - INFO - 210707_GPRS_20230914_100037.csv deleted
2023-09-14 18:00:06,022 - INFO - Processing file 216749_GPRS_20230914_100037.csv
2023-09-14 18:00:06,054 - INFO - The device 216749 exists in the database
2023-09-14 18:00:06,153 - INFO - Insertion successful : 31 rows inserted
2023-09-14 18:00:06,154 - INFO - 216749_GPRS_20230914_100037.csv deleted
2023-09-14 18:00:06,154 - INFO - Processing file 222414_GPRS_20230914_100038.csv
2023-09-14 18:00:06,164 - INFO - The device 222414 exists in the database
2023-09-14 18:00:06,438 - INFO - Insertion successful : 15 rows inserted
2023-09-14 18:00:06,439 - INFO - 222414_GPRS_20230914_100038.csv deleted
2023-09-14 18:00:06,439 - INFO - Processing file 201269_SMS_20230914_100532.csv
2023-09-14 18:00:06,439 - INFO - Skipping file 201269_SMS_20230914_100532.csv (contains 'SMS' in the name)
2023-09-14 18:00:06,439 - INFO - Processing file 222406_GPRS_20230914_100532.csv
2023-09-14 18:00:06,450 - INFO - The device 222406 exists in the database
2023-09-14 18:00:07,119 - INFO - Insertion successful : 49 rows inserted
2023-09-14 18:00:07,119 - INFO - 222406_GPRS_20230914_100532.csv deleted
2023-09-14 18:00:07,119 - INFO - Processing file 230426_GPRS_20230914_102535.csv
2023-09-14 18:00:07,132 - INFO - The device 230426 is absent from the database, the file 230426_GPRS_20230914_102535.csv will not be transfered
2023-09-14 18:00:07,140 - INFO - File 230426_GPRS_20230914_102535.csv moved to 'unprocessed' directory
2023-09-14 18:00:07,140 - INFO - Processing file 210718_GPRS_20230914_105023.csv
2023-09-14 18:00:07,146 - INFO - The device 210718 is absent from the database, the file 210718_GPRS_20230914_105023.csv will not be transfered
2023-09-14 18:00:07,149 - INFO - File 210718_GPRS_20230914_105023.csv moved to 'unprocessed' directory
2023-09-14 18:00:07,150 - INFO - Processing file 210725_GPRS_20230914_113014.csv
2023-09-14 18:00:07,154 - INFO - The device 210725 exists in the database
2023-09-14 18:00:07,498 - INFO - Insertion successful : 15 rows inserted
2023-09-14 18:00:07,498 - INFO - 210725_GPRS_20230914_113014.csv deleted
2023-09-14 18:00:07,498 - INFO - Processing file 210716_GPRS_20230914_122030.csv
2023-09-14 18:00:07,506 - INFO - The device 210716 exists in the database
2023-09-14 18:00:07,711 - INFO - Insertion successful : 5 rows inserted
2023-09-14 18:00:07,711 - INFO - 210716_GPRS_20230914_122030.csv deleted
2023-09-14 18:00:07,711 - INFO - Processing file 210729_GPRS_20230914_122521.csv
2023-09-14 18:00:07,745 - INFO - The device 210729 is absent from the database, the file 210729_GPRS_20230914_122521.csv will not be transfered
2023-09-14 18:00:07,752 - INFO - File 210729_GPRS_20230914_122521.csv moved to 'unprocessed' directory
2023-09-14 18:00:07,753 - INFO - Processing file 210728_GPRS_20230914_132032.csv
2023-09-14 18:00:07,779 - INFO - The device 210728 is absent from the database, the file 210728_GPRS_20230914_132032.csv will not be transfered
2023-09-14 18:00:07,788 - INFO - File 210728_GPRS_20230914_132032.csv moved to 'unprocessed' directory
2023-09-14 18:00:07,788 - INFO - Processing file 201862_GPRS_20230914_145032.csv
2023-09-14 18:00:07,794 - INFO - The device 201862 exists in the database
2023-09-14 18:00:07,854 - INFO - Insertion successful : 2 rows inserted
2023-09-14 18:00:07,854 - INFO - 201862_GPRS_20230914_145032.csv deleted
2023-09-14 18:00:07,854 - INFO - Processing file 210711_GPRS_20230914_152031.csv
2023-09-14 18:00:07,858 - INFO - The device 210711 exists in the database
2023-09-14 18:00:08,762 - INFO - Insertion successful : 34 rows inserted
2023-09-14 18:00:08,762 - INFO - 210711_GPRS_20230914_152031.csv deleted
2023-09-14 18:00:08,763 - INFO - Processing file 222413_GPRS_20230914_155524.csv
2023-09-14 18:00:08,770 - INFO - The device 222413 exists in the database
2023-09-14 18:00:08,976 - INFO - Insertion successful : 16 rows inserted
2023-09-14 18:00:08,976 - INFO - 222413_GPRS_20230914_155524.csv deleted
2023-09-14 18:01:03,665 - INFO - Materialized view refreshed!
2023-09-14 18:01:03,666 - INFO - Completed import data
2023-09-15 00:00:03,975 - INFO - Start import data
2023-09-15 00:00:04,002 - INFO - Connected to the database!
2023-09-15 00:00:04,002 - INFO - Processing file 230429_SMS_20230912_202531.csv
2023-09-15 00:00:04,002 - INFO - Skipping file 230429_SMS_20230912_202531.csv (contains 'SMS' in the name)
2023-09-15 00:00:04,002 - INFO - Processing file 201269_SMS_20230914_100532.csv
2023-09-15 00:00:04,002 - INFO - Skipping file 201269_SMS_20230914_100532.csv (contains 'SMS' in the name)
2023-09-15 00:00:04,002 - INFO - Skipping file:unprocessed(not a CSV file)
2023-09-15 00:00:04,002 - INFO - Processing file 230428_GPRS_20230914_162533.csv
2023-09-15 00:00:04,045 - INFO - The device 230428 is absent from the database, the file 230428_GPRS_20230914_162533.csv will not be transfered
2023-09-15 00:00:04,056 - INFO - File 230428_GPRS_20230914_162533.csv moved to 'unprocessed' directory
2023-09-15 00:00:04,056 - INFO - Processing file 230427_GPRS_20230914_171541.csv
2023-09-15 00:00:04,062 - INFO - The device 230427 is absent from the database, the file 230427_GPRS_20230914_171541.csv will not be transfered
2023-09-15 00:00:04,070 - INFO - File 230427_GPRS_20230914_171541.csv moved to 'unprocessed' directory
2023-09-15 00:00:04,070 - INFO - Processing file 190809_GPRS_20230914_180514.csv
2023-09-15 00:00:04,118 - INFO - The device 190809 is absent from the database, the file 190809_GPRS_20230914_180514.csv will not be transfered
2023-09-15 00:00:04,133 - INFO - File 190809_GPRS_20230914_180514.csv moved to 'unprocessed' directory
2023-09-15 00:00:04,133 - INFO - Processing file 222333_GPRS_20230914_183031.csv
2023-09-15 00:00:04,137 - INFO - The device 222333 exists in the database
2023-09-15 00:00:04,276 - INFO - Insertion successful : 143 rows inserted
2023-09-15 00:00:04,276 - INFO - 222333_GPRS_20230914_183031.csv deleted
2023-09-15 00:00:04,276 - INFO - Processing file 222334_GPRS_20230914_183031.csv
2023-09-15 00:00:04,286 - INFO - The device 222334 exists in the database
2023-09-15 00:00:04,401 - INFO - Insertion successful : 142 rows inserted
2023-09-15 00:00:04,401 - INFO - 222334_GPRS_20230914_183031.csv deleted
2023-09-15 00:00:04,401 - INFO - Processing file 201257_GPRS_20230914_194517.csv
2023-09-15 00:00:04,410 - INFO - The device 201257 exists in the database
2023-09-15 00:00:05,010 - INFO - Insertion successful : 16 rows inserted
2023-09-15 00:00:05,010 - INFO - 201257_GPRS_20230914_194517.csv deleted
2023-09-15 00:00:05,010 - INFO - Processing file 222335_GPRS_20230914_211526.csv
2023-09-15 00:00:05,022 - INFO - The device 222335 is absent from the database, the file 222335_GPRS_20230914_211526.csv will not be transfered
2023-09-15 00:00:05,031 - INFO - File 222335_GPRS_20230914_211526.csv moved to 'unprocessed' directory
2023-09-15 00:00:05,031 - INFO - Processing file 230430_GPRS_20230914_214046.csv
2023-09-15 00:00:05,106 - INFO - The device 230430 exists in the database
2023-09-15 00:00:05,417 - INFO - Insertion successful : 342 rows inserted
2023-09-15 00:00:05,418 - INFO - 230430_GPRS_20230914_214046.csv deleted
2023-09-15 00:01:01,677 - INFO - Materialized view refreshed!
2023-09-15 00:01:01,678 - INFO - Completed import data
2023-09-15 06:00:03,679 - INFO - Start import data
2023-09-15 06:00:03,710 - INFO - Connected to the database!
2023-09-15 06:00:03,710 - INFO - Processing file 230429_SMS_20230912_202531.csv
2023-09-15 06:00:03,710 - INFO - Skipping file 230429_SMS_20230912_202531.csv (contains 'SMS' in the name)
2023-09-15 06:00:03,710 - INFO - Processing file 201269_SMS_20230914_100532.csv
2023-09-15 06:00:03,710 - INFO - Skipping file 201269_SMS_20230914_100532.csv (contains 'SMS' in the name)
2023-09-15 06:00:03,710 - INFO - Skipping file:unprocessed(not a CSV file)
2023-09-15 06:00:03,710 - INFO - Processing file 210729_GPRS_20230915_002524.csv
2023-09-15 06:00:03,740 - INFO - The device 210729 is absent from the database, the file 210729_GPRS_20230915_002524.csv will not be transfered
2023-09-15 06:00:03,740 - INFO - File 210729_GPRS_20230915_002524.csv moved to 'unprocessed' directory
2023-09-15 06:00:03,741 - INFO - Processing file 210728_GPRS_20230915_012026.csv
2023-09-15 06:00:03,776 - INFO - The device 210728 is absent from the database, the file 210728_GPRS_20230915_012026.csv will not be transfered
2023-09-15 06:00:03,782 - INFO - File 210728_GPRS_20230915_012026.csv moved to 'unprocessed' directory
2023-09-15 06:00:03,782 - INFO - Processing file 190804_GPRS_20230915_020511.csv
2023-09-15 06:00:03,790 - INFO - The device 190804 exists in the database
2023-09-15 06:00:04,858 - INFO - Insertion successful : 13 rows inserted
2023-09-15 06:00:04,858 - INFO - 190804_GPRS_20230915_020511.csv deleted
2023-09-15 06:00:04,858 - INFO - Processing file 231040_GPRS_20230915_022036.csv
2023-09-15 06:00:04,866 - INFO - The device 231040 exists in the database
2023-09-15 06:00:05,943 - INFO - Insertion successful : 46 rows inserted
2023-09-15 06:00:05,944 - INFO - 231040_GPRS_20230915_022036.csv deleted
2023-09-15 06:00:05,944 - INFO - Processing file 17150_GPRS_20230915_030508.csv
2023-09-15 06:00:05,951 - INFO - The device 17150 exists in the database
2023-09-15 06:00:07,040 - INFO - Insertion successful : 14 rows inserted
2023-09-15 06:00:07,041 - INFO - 17150_GPRS_20230915_030508.csv deleted
2023-09-15 06:00:07,041 - INFO - Processing file 210711_GPRS_20230915_032029.csv
2023-09-15 06:00:07,046 - INFO - The device 210711 exists in the database
2023-09-15 06:00:07,366 - INFO - Insertion successful : 12 rows inserted
2023-09-15 06:00:07,366 - INFO - 210711_GPRS_20230915_032029.csv deleted
2023-09-15 06:00:07,366 - INFO - Processing file 222403_GPRS_20230915_032029.csv
2023-09-15 06:00:07,374 - INFO - The device 222403 exists in the database
2023-09-15 06:00:07,450 - INFO - Insertion successful : 5 rows inserted
2023-09-15 06:00:07,450 - INFO - 222403_GPRS_20230915_032029.csv deleted
2023-09-15 06:00:07,450 - INFO - Processing file 222408_GPRS_20230915_032526.csv
2023-09-15 06:00:07,458 - INFO - The device 222408 exists in the database
2023-09-15 06:00:07,747 - INFO - Insertion successful : 15 rows inserted
2023-09-15 06:00:07,747 - INFO - 222408_GPRS_20230915_032526.csv deleted
2023-09-15 06:00:07,747 - INFO - Processing file 231041_GPRS_20230915_034028.csv
2023-09-15 06:00:07,754 - INFO - The device 231041 exists in the database
2023-09-15 06:00:08,278 - INFO - Insertion successful : 46 rows inserted
2023-09-15 06:00:08,278 - INFO - 231041_GPRS_20230915_034028.csv deleted
2023-09-15 06:00:08,278 - INFO - Processing file 222410_GPRS_20230915_034541.csv
2023-09-15 06:00:08,282 - INFO - The device 222410 exists in the database
2023-09-15 06:00:08,474 - INFO - Insertion successful : 16 rows inserted
2023-09-15 06:00:08,474 - INFO - 222410_GPRS_20230915_034541.csv deleted
2023-09-15 06:00:08,474 - INFO - Processing file 222417_GPRS_20230915_034541.csv
2023-09-15 06:00:08,482 - INFO - The device 222417 exists in the database
2023-09-15 06:00:08,614 - INFO - Insertion successful : 16 rows inserted
2023-09-15 06:00:08,614 - INFO - 222417_GPRS_20230915_034541.csv deleted
2023-09-15 06:00:08,614 - INFO - Processing file 222415_GPRS_20230915_035540.csv
2023-09-15 06:00:08,619 - INFO - The device 222415 exists in the database
2023-09-15 06:00:08,742 - INFO - Insertion successful : 15 rows inserted
2023-09-15 06:00:08,742 - INFO - 222415_GPRS_20230915_035540.csv deleted
2023-09-15 06:00:08,742 - INFO - Processing file 231037_GPRS_20230915_035540.csv
2023-09-15 06:00:08,745 - INFO - The device 231037 exists in the database
2023-09-15 06:00:08,870 - INFO - Insertion successful : 15 rows inserted
2023-09-15 06:00:08,870 - INFO - 231037_GPRS_20230915_035540.csv deleted
2023-09-15 06:00:08,870 - INFO - Processing file 231044_GPRS_20230915_035540.csv
2023-09-15 06:00:08,874 - INFO - The device 231044 exists in the database
2023-09-15 06:00:09,336 - INFO - Insertion successful : 46 rows inserted
2023-09-15 06:00:09,336 - INFO - 231044_GPRS_20230915_035540.csv deleted
2023-09-15 06:01:03,394 - INFO - Materialized view refreshed!
2023-09-15 06:01:03,394 - INFO - Completed import data
2023-09-15 09:18:34,626 - INFO - Start import data
2023-09-15 09:18:34,643 - INFO - Connected to the database!
2023-09-15 09:18:34,643 - INFO - Skipping file:unprocessed(not a CSV file)
2023-09-15 09:18:34,643 - INFO - Processing file 200532_GPRS_20230915_041523.csv
2023-09-15 09:18:34,656 - INFO - The device 200532 exists in the database
2023-09-15 09:18:35,335 - INFO - Insertion successful : 17 rows inserted
2023-09-15 09:18:35,335 - INFO - 200532_GPRS_20230915_041523.csv deleted
2023-09-15 09:18:35,335 - INFO - Processing file 231043_GPRS_20230915_041523.csv
2023-09-15 09:18:35,345 - INFO - The device 231043 exists in the database
2023-09-15 09:18:35,734 - INFO - Insertion successful : 46 rows inserted
2023-09-15 09:18:35,734 - INFO - 231043_GPRS_20230915_041523.csv deleted
2023-09-15 09:18:35,734 - INFO - Processing file 222407_GPRS_20230915_043539.csv
2023-09-15 09:18:35,742 - INFO - The device 222407 exists in the database
2023-09-15 09:18:36,414 - INFO - Insertion successful : 46 rows inserted
2023-09-15 09:18:36,414 - INFO - 222407_GPRS_20230915_043539.csv deleted
2023-09-15 09:18:36,414 - INFO - Processing file 231035_GPRS_20230915_044614.csv
2023-09-15 09:18:36,423 - INFO - The device 231035 exists in the database
2023-09-15 09:18:36,842 - INFO - Insertion successful : 45 rows inserted
2023-09-15 09:18:36,842 - INFO - 231035_GPRS_20230915_044614.csv deleted
2023-09-15 09:18:36,842 - INFO - Processing file 210516_GPRS_20230915_050035.csv
2023-09-15 09:18:36,850 - INFO - The device 210516 exists in the database
2023-09-15 09:18:36,890 - INFO - Insertion successful : 5 rows inserted
2023-09-15 09:18:36,890 - INFO - 210516_GPRS_20230915_050035.csv deleted
2023-09-15 09:18:36,890 - INFO - Processing file 231038_GPRS_20230915_050035.csv
2023-09-15 09:18:36,898 - INFO - The device 231038 exists in the database
2023-09-15 09:18:37,286 - INFO - Insertion successful : 46 rows inserted
2023-09-15 09:18:37,286 - INFO - 231038_GPRS_20230915_050035.csv deleted
2023-09-15 09:18:37,286 - INFO - Processing file 231046_GPRS_20230915_050035.csv
2023-09-15 09:18:37,290 - INFO - The device 231046 exists in the database
2023-09-15 09:18:37,666 - INFO - Insertion successful : 45 rows inserted
2023-09-15 09:18:37,666 - INFO - 231046_GPRS_20230915_050035.csv deleted
2023-09-15 09:18:37,666 - INFO - Processing file 231033_GPRS_20230915_050542.csv
2023-09-15 09:18:37,682 - INFO - The device 231033 exists in the database
2023-09-15 09:18:38,130 - INFO - Insertion successful : 45 rows inserted
2023-09-15 09:18:38,130 - INFO - 231033_GPRS_20230915_050542.csv deleted
2023-09-15 09:18:38,130 - INFO - Processing file 222418_GPRS_20230915_052524.csv
2023-09-15 09:18:38,142 - INFO - The device 222418 exists in the database
2023-09-15 09:18:38,226 - INFO - Insertion successful : 5 rows inserted
2023-09-15 09:18:38,226 - INFO - 222418_GPRS_20230915_052524.csv deleted
2023-09-15 09:18:38,226 - INFO - Processing file 222411_GPRS_20230915_055536.csv
2023-09-15 09:18:38,234 - INFO - The device 222411 exists in the database
2023-09-15 09:18:38,358 - INFO - Insertion successful : 15 rows inserted
2023-09-15 09:18:38,358 - INFO - 222411_GPRS_20230915_055536.csv deleted
2023-09-15 09:18:38,358 - INFO - Processing file 190809_GPRS_20230915_060522.csv
2023-09-15 09:18:38,379 - INFO - The device 190809 is absent from the database, the file 190809_GPRS_20230915_060522.csv will not be transfered
2023-09-15 09:18:38,382 - INFO - File 190809_GPRS_20230915_060522.csv moved to 'unprocessed' directory
2023-09-15 09:18:38,382 - INFO - Processing file 210712_GPRS_20230915_060522.csv
2023-09-15 09:18:38,391 - INFO - The device 210712 exists in the database
2023-09-15 09:18:38,750 - INFO - Insertion successful : 15 rows inserted
2023-09-15 09:18:38,750 - INFO - 210712_GPRS_20230915_060522.csv deleted
2023-09-15 09:18:38,750 - INFO - Processing file 210710_GPRS_20230915_061017.csv
2023-09-15 09:18:38,758 - INFO - The device 210710 exists in the database
2023-09-15 09:18:39,176 - INFO - Insertion successful : 16 rows inserted
2023-09-15 09:18:39,176 - INFO - 210710_GPRS_20230915_061017.csv deleted
2023-09-15 09:18:39,176 - INFO - Processing file 222333_GPRS_20230915_063033.csv
2023-09-15 09:18:39,183 - INFO - The device 222333 exists in the database
2023-09-15 09:18:39,215 - INFO - Insertion successful : 44 rows inserted
2023-09-15 09:18:39,215 - INFO - 222333_GPRS_20230915_063033.csv deleted
2023-09-15 09:18:39,215 - INFO - Processing file 222334_GPRS_20230915_063034.csv
2023-09-15 09:18:39,222 - INFO - The device 222334 exists in the database
2023-09-15 09:18:39,254 - INFO - Insertion successful : 45 rows inserted
2023-09-15 09:18:39,254 - INFO - 222334_GPRS_20230915_063034.csv deleted
2023-09-15 09:18:39,254 - INFO - Processing file 222427_GPRS_20230915_071013.csv
2023-09-15 09:18:39,265 - INFO - The device 222427 exists in the database
2023-09-15 09:18:39,380 - INFO - Insertion successful : 15 rows inserted
2023-09-15 09:18:39,380 - INFO - 222427_GPRS_20230915_071013.csv deleted
2023-09-15 09:19:48,840 - INFO - Materialized view refreshed!
2023-09-15 09:19:48,843 - INFO - Completed import data
2023-09-15 09:36:52,709 - INFO - Start import data
2023-09-15 09:36:52,737 - INFO - Connected to the database!
2023-09-15 09:36:52,786 - INFO - Skipping file:unprocessed(not a CSV file)
2023-09-15 09:37:47,122 - INFO - Materialized view refreshed!
2023-09-15 09:37:47,122 - INFO - Completed import data
2023-09-15 12:00:05,701 - INFO - Start import data
2023-09-15 12:00:05,743 - INFO - Connected to the database!
2023-09-15 12:00:05,764 - INFO - Skipping file:unprocessed(not a CSV file)
2023-09-15 12:00:05,764 - INFO - Processing file 222423_GPRS_20230915_075029.csv
2023-09-15 12:00:05,887 - INFO - The device 222423 is absent from the database, the file 222423_GPRS_20230915_075029.csv will not be transfered
2023-09-15 12:00:05,891 - INFO - File 222423_GPRS_20230915_075029.csv moved to 'unprocessed' directory
2023-09-15 12:00:05,891 - INFO - Processing file 210722_GPRS_20230915_080025.csv
2023-09-15 12:00:05,902 - INFO - The device 210722 exists in the database
2023-09-15 12:00:08,398 - INFO - Insertion successful : 16 rows inserted
2023-09-15 12:00:08,398 - INFO - 210722_GPRS_20230915_080025.csv deleted
2023-09-15 12:00:08,398 - INFO - Processing file 230429_GPRS_20230915_082533.csv
2023-09-15 12:00:08,406 - INFO - The device 230429 exists in the database
2023-09-15 12:00:08,488 - INFO - Insertion successful : 72 rows inserted
2023-09-15 12:00:08,489 - INFO - 230429_GPRS_20230915_082533.csv deleted
2023-09-15 12:00:08,489 - INFO - Processing file 210507_GPRS_20230915_085024.csv
2023-09-15 12:00:08,494 - INFO - The device 210507 is absent from the database, the file 210507_GPRS_20230915_085024.csv will not be transfered
2023-09-15 12:00:08,499 - INFO - File 210507_GPRS_20230915_085024.csv moved to 'unprocessed' directory
2023-09-15 12:00:08,499 - INFO - Processing file 231047_GPRS_20230915_085541.csv
2023-09-15 12:00:08,503 - INFO - The device 231047 is absent from the database, the file 231047_GPRS_20230915_085541.csv will not be transfered
2023-09-15 12:00:08,506 - INFO - File 231047_GPRS_20230915_085541.csv moved to 'unprocessed' directory
2023-09-15 12:00:08,506 - INFO - Processing file 222335_GPRS_20230915_091527.csv
2023-09-15 12:00:08,512 - INFO - The device 222335 is absent from the database, the file 222335_GPRS_20230915_091527.csv will not be transfered
2023-09-15 12:00:08,513 - INFO - File 222335_GPRS_20230915_091527.csv moved to 'unprocessed' directory
2023-09-15 12:00:08,514 - INFO - Processing file 222422_GPRS_20230915_093023.csv
2023-09-15 12:00:08,520 - INFO - The device 222422 exists in the database
2023-09-15 12:00:08,686 - INFO - Insertion successful : 15 rows inserted
2023-09-15 12:00:08,686 - INFO - 222422_GPRS_20230915_093023.csv deleted
2023-09-15 12:00:08,686 - INFO - Processing file 222426_GPRS_20230915_093023.csv
2023-09-15 12:00:08,694 - INFO - The device 222426 exists in the database
2023-09-15 12:00:08,878 - INFO - Insertion successful : 16 rows inserted
2023-09-15 12:00:08,878 - INFO - 222426_GPRS_20230915_093023.csv deleted
2023-09-15 12:00:08,878 - INFO - Processing file 230430_GPRS_20230915_093536.csv
2023-09-15 12:00:08,898 - INFO - The device 230430 exists in the database
2023-09-15 12:00:08,970 - INFO - Insertion successful : 97 rows inserted
2023-09-15 12:00:08,970 - INFO - 230430_GPRS_20230915_093536.csv deleted
2023-09-15 12:01:13,249 - INFO - Materialized view refreshed!
2023-09-15 12:01:13,318 - INFO - Completed import data
2023-09-15 14:25:44,689 - INFO - Start import data
2023-09-15 14:25:44,722 - INFO - Connected to the database!
2023-09-15 14:25:44,766 - INFO - Skipping file:unprocessed(not a CSV file)
2023-09-15 14:25:44,766 - INFO - Processing file 210707_GPRS_20230915_100126.csv
2023-09-15 14:25:44,835 - INFO - The device 210707 exists in the database
2023-09-15 14:25:45,654 - INFO - Insertion successful : 16 rows inserted
2023-09-15 14:25:45,654 - INFO - 210707_GPRS_20230915_100126.csv deleted
2023-09-15 14:25:45,654 - INFO - Processing file 216749_GPRS_20230915_100127.csv
2023-09-15 14:25:45,686 - INFO - The device 216749 exists in the database
2023-09-15 14:25:45,786 - INFO - Insertion successful : 31 rows inserted
2023-09-15 14:25:45,786 - INFO - 216749_GPRS_20230915_100127.csv deleted
2023-09-15 14:25:45,786 - INFO - Processing file 222414_GPRS_20230915_100127.csv
2023-09-15 14:25:45,800 - INFO - The device 222414 exists in the database
2023-09-15 14:25:46,046 - INFO - Insertion successful : 15 rows inserted
2023-09-15 14:25:46,046 - INFO - 222414_GPRS_20230915_100127.csv deleted
2023-09-15 14:25:46,046 - INFO - Processing file 222406_GPRS_20230915_100529.csv
2023-09-15 14:25:46,057 - INFO - The device 222406 exists in the database
2023-09-15 14:25:46,674 - INFO - Insertion successful : 49 rows inserted
2023-09-15 14:25:46,674 - INFO - 222406_GPRS_20230915_100529.csv deleted
2023-09-15 14:25:46,674 - INFO - Processing file 230426_GPRS_20230915_102538.csv
2023-09-15 14:25:46,681 - INFO - The device 230426 is absent from the database, the file 230426_GPRS_20230915_102538.csv will not be transfered
2023-09-15 14:25:46,692 - INFO - File 230426_GPRS_20230915_102538.csv moved to 'unprocessed' directory
2023-09-15 14:25:46,692 - INFO - Processing file 210718_GPRS_20230915_105024.csv
2023-09-15 14:25:46,698 - INFO - The device 210718 is absent from the database, the file 210718_GPRS_20230915_105024.csv will not be transfered
2023-09-15 14:25:46,698 - INFO - File 210718_GPRS_20230915_105024.csv moved to 'unprocessed' directory
2023-09-15 14:25:46,699 - INFO - Processing file 210725_GPRS_20230915_113521.csv
2023-09-15 14:25:46,706 - INFO - The device 210725 exists in the database
2023-09-15 14:25:47,095 - INFO - Insertion successful : 17 rows inserted
2023-09-15 14:25:47,095 - INFO - 210725_GPRS_20230915_113521.csv deleted
2023-09-15 14:25:47,095 - INFO - Processing file 190805_GPRS_20230915_115028.csv
2023-09-15 14:25:47,102 - INFO - The device 190805 exists in the database
2023-09-15 14:25:47,202 - INFO - Insertion successful : 1 rows inserted
2023-09-15 14:25:47,202 - INFO - 190805_GPRS_20230915_115028.csv deleted
2023-09-15 14:25:47,202 - INFO - Processing file 210716_GPRS_20230915_122028.csv
2023-09-15 14:25:47,210 - INFO - The device 210716 exists in the database
2023-09-15 14:25:47,394 - INFO - Insertion successful : 4 rows inserted
2023-09-15 14:25:47,394 - INFO - 210716_GPRS_20230915_122028.csv deleted
2023-09-15 14:25:47,394 - INFO - Processing file 210729_GPRS_20230915_122519.csv
2023-09-15 14:25:47,418 - INFO - The device 210729 is absent from the database, the file 210729_GPRS_20230915_122519.csv will not be transfered
2023-09-15 14:25:47,424 - INFO - File 210729_GPRS_20230915_122519.csv moved to 'unprocessed' directory
